sample.interval=20000
"matrix" "as_edgelist" "igraph::as_data_frame" "disnet_eff_pop" "disnet_sim_setup" 
"as.character" "factor" "as.factor" "split.default" "split" "lapply" "split.data.frame" "split" "disnet_eff_pop" "disnet_sim_setup" 
"attr" "[.data.frame" "[" "FUN" "lapply" "split.data.frame" "split" "disnet_eff_pop" "disnet_sim_setup" 
"/" "disnet_eff_pop1" "lapply" "sapply" "disnet_eff_pop" "disnet_sim_setup" 
".Call" "ends" "E" "inherits" "as.igraph.es" "igraph::edge_attr" "disnet_add_sigmas" "disnet_sim_setup" 
"i_set_vertex_attr" "igraph::set_vertex_attr" "disnet_add_sigmas" "disnet_sim_setup" 
"paste" "E" "%in%" "i_set_edge_attr" "igraph::set_edge_attr" "disnet_add_sigmas" "disnet_sim_setup" 
"cb$putcode" "h" "tryInline" "cmpCall" "cmp" "cmpPrim2" "h" "tryInline" "cmpCall" "cmp" "h" "tryInline" "cmpCall" "cmp" "h" "tryInline" "cmpCall" "cmp" "h" "tryInline" "cmpCall" "cmp" "h" "tryInline" "cmpCall" "cmp" "h" "tryInline" "cmpCall" "cmp" "h" "tryInline" "cmpCall" "cmp" "genCode" "cmpfun" "doTryCatch" "tryCatchOne" "tryCatchList" "tryCatch" "compiler:::tryCmpfun" "[.igraph.vs" "[" "igraph::neighbors" "net_neighbors_fxn" "lapply" "disnet_j_in" "disnet_sim_setup" 
"delayedAssign" "findCenvVar" "getInlineInfo" "tryInline" "cmpCall" "cmp" "cmpSymbolAssign" "h" "tryInline" "cmpCall" "cmp" "h" "tryInline" "cmpCall" "cmp" "genCode" "cmpfun" "doTryCatch" "tryCatchOne" "tryCatchList" "tryCatch" "compiler:::tryCmpfun" "[.igraph.vs" "[" "igraph::neighbors" "net_neighbors_fxn" "lapply" "disnet_j_in" "disnet_sim_setup" 
"delayedAssign" "findCenvVar" "getInlineInfo" "tryInline" "cmpCall" "cmp" "cmpSymbolAssign" "h" "tryInline" "cmpCall" "cmp" "h" "tryInline" "cmpCall" "cmp" "genCode" "cmpfun" "doTryCatch" "tryCatchOne" "tryCatchList" "tryCatch" "compiler:::tryCmpfun" "parse_op_args" "parse_vs_op_args" "c.igraph.vs" "c" "c" "eval" "eval" "do_call" "[.igraph.vs" "[" "igraph::neighbors" "net_neighbors_fxn" "lapply" "disnet_j_in" "disnet_sim_setup" 
".Call" "igraph::edge_attr" "net_neighbors_fxn" "lapply" "disnet_j_in" "disnet_sim_setup" 
".Call" "igraph::edge_attr" "net_neighbors_fxn" "lapply" "disnet_j_in" "disnet_sim_setup" 
".Call" "igraph::edge_attr" "net_neighbors_fxn" "lapply" "disnet_j_in" "disnet_sim_setup" 
"c" "eval" "eval" "do_call" "c.igraph.vs" "c" "c" "eval" "eval" "do_call" "[.igraph.vs" "[" "igraph::neighbors" "net_neighbors_fxn" "lapply" "disnet_j_in" "disnet_sim_setup" 
"lapply" "sapply" "as.igraph.es" "igraph::edge_attr" "net_neighbors_fxn" "lapply" "disnet_j_in" "disnet_sim_setup" 
".Call" "igraph::edge_attr" "net_neighbors_fxn" "lapply" "disnet_j_in" "disnet_sim_setup" 
".Call" "igraph::edge_attr" "net_neighbors_fxn" "lapply" "disnet_j_in" "disnet_sim_setup" 
"unique.default" "unique" "simplify2array" "sapply" "drop_null" "function_list[[k]]" "withVisible" "freduce" "_fseq" "eval" "eval" "withVisible" "%>%" "parse_op_args" "parse_vs_op_args" "c.igraph.vs" "c" "c" "eval" "eval" "do_call" "[.igraph.vs" "[" "igraph::neighbors" "net_neighbors_fxn" "lapply" "disnet_j_in" "disnet_sim_setup" 
".Call" "igraph::edge_attr" "net_neighbors_fxn" "lapply" "disnet_j_in" "disnet_sim_setup" 
".Call" "igraph::edge_attr" "net_neighbors_fxn" "lapply" "disnet_j_in" "disnet_sim_setup" 
"%in%" "net_neighbors_fxn" "lapply" "disnet_j_in" "disnet_sim_setup" 
"as.list" "prepare_first" "split_chain" "%>%" "parse_op_args" "parse_vs_op_args" "c.igraph.vs" "c" "c" "eval" "eval" "do_call" "[.igraph.vs" "[" "igraph::neighbors" "net_neighbors_fxn" "lapply" "disnet_j_in" "disnet_sim_setup" 
"graph_version" "warn_version" "get_graph_id" "add_vses_graph_ref" "V" "igraph::neighbors" "net_neighbors_fxn" "lapply" "disnet_j_in" "disnet_sim_setup" 
".Call" "igraph::edge_attr" "net_neighbors_fxn" "lapply" "disnet_j_in" "disnet_sim_setup" 
".Call" "igraph::edge_attr" "net_neighbors_fxn" "lapply" "disnet_j_in" "disnet_sim_setup" 
".Call" "igraph::edge_attr" "net_neighbors_fxn" "lapply" "disnet_j_in" "disnet_sim_setup" 
".Call" "igraph::edge_attr" "net_neighbors_fxn" "lapply" "disnet_j_in" "disnet_sim_setup" 
".Call" "igraph::edge_attr" "net_neighbors_fxn" "lapply" "disnet_j_in" "disnet_sim_setup" 
".Call" "igraph::edge_attr" "net_neighbors_fxn" "lapply" "disnet_j_in" "disnet_sim_setup" 
".Call" "igraph::edge_attr" "net_neighbors_fxn" "lapply" "disnet_j_in" "disnet_sim_setup" 
".Call" "igraph::edge_attr" "net_neighbors_fxn" "lapply" "disnet_j_out" "disnet_sim_setup" 
".Call" "vertex_attr" "$.igraph.vs" "$" "match" "as.igraph.vs" "get.edge.ids" "as.igraph.es" "igraph::edge_attr" "net_neighbors_fxn" "lapply" "disnet_j_out" "disnet_sim_setup" 
".Call" "igraph::edge_attr" "net_neighbors_fxn" "lapply" "disnet_j_out" "disnet_sim_setup" 
".Call" "igraph::edge_attr" "net_neighbors_fxn" "lapply" "disnet_j_out" "disnet_sim_setup" 
".Call" "igraph::edge_attr" "net_neighbors_fxn" "lapply" "disnet_j_out" "disnet_sim_setup" 
"attributes" "%in%" "$.igraph.vs" "$" "match" "as.igraph.vs" "get.edge.ids" "as.igraph.es" "igraph::edge_attr" "net_neighbors_fxn" "lapply" "disnet_j_out" "disnet_sim_setup" 
".Call" "igraph::edge_attr" "net_neighbors_fxn" "lapply" "disnet_j_out" "disnet_sim_setup" 
".Call" "get.edge.ids" "as.igraph.es" "igraph::edge_attr" "net_neighbors_fxn" "lapply" "disnet_j_out" "disnet_sim_setup" 
".Call" "igraph::edge_attr" "net_neighbors_fxn" "lapply" "disnet_j_out" "disnet_sim_setup" 
"%in%" "is_igraph" "stopifnot" "graph_version" "warn_version" "get_vs_ref" "update_vs_ref" "V" "match" "as.igraph.vs" "get.edge.ids" "as.igraph.es" "igraph::edge_attr" "net_neighbors_fxn" "lapply" "disnet_j_out" "disnet_sim_setup" 
".Call" "igraph::edge_attr" "net_neighbors_fxn" "lapply" "disnet_j_out" "disnet_sim_setup" 
".Call" "igraph::edge_attr" "net_neighbors_fxn" "lapply" "disnet_j_out" "disnet_sim_setup" 
".Call" "igraph::edge_attr" "net_neighbors_fxn" "lapply" "disnet_j_out" "disnet_sim_setup" 
".Call" "igraph::edge_attr" "net_neighbors_fxn" "lapply" "disnet_j_out" "disnet_sim_setup" 
".Call" "igraph::edge_attr" "net_neighbors_fxn" "lapply" "disnet_j_out" "disnet_sim_setup" 
".Call" "igraph::edge_attr" "net_neighbors_fxn" "lapply" "disnet_j_out" "disnet_sim_setup" 
".Call" "igraph::edge_attr" "net_neighbors_fxn" "lapply" "disnet_j_out" "disnet_sim_setup" 
"c" "match.arg" "order" "make.names" "data.frame" "net_neighbors_fxn" "lapply" "disnet_j_out" "disnet_sim_setup" 
".Call" "igraph::edge_attr" "net_neighbors_fxn" "lapply" "disnet_j_out" "disnet_sim_setup" 
".Call" "igraph::edge_attr" "net_neighbors_fxn" "lapply" "disnet_j_out" "disnet_sim_setup" 
"vapply" "order" "make.names" "data.frame" "disnet_comp2_sub" "lapply" "disnet_sim_setup" 
"<Anonymous>" "eval" "eval" "eval.parent" ".doTrace" "disnet_comp2_sub" "lapply" "disnet_sim_setup" 
"l_ji_fxn" "lapply" "sapply" "disnet_foi" "disnet_sim_setup" 
