sample.interval=20000
"close.connection" "close" "readRDS" "FUN" "lapply" "find.package" "loadNamespace" "doTryCatch" "tryCatchOne" "tryCatchList" "tryCatch" "getNamespace" "asNamespace" "getExportedValue" "::" "disnet_comm3" "disnet_commuting" 
"setNamespaceInfo" "makeNamespace" "loadNamespace" "asNamespace" "namespaceImportFrom" "loadNamespace" "doTryCatch" "tryCatchOne" "tryCatchList" "tryCatch" "getNamespace" "asNamespace" "getExportedValue" "::" "disnet_comm3" "disnet_commuting" 
"<Anonymous>" "lazyLoadDBfetch" "<Anonymous>" "lazyLoadDBfetch" "<Anonymous>" "lazyLoadDBfetch" "<Anonymous>" "lazyLoadDBfetch" "exists" ".getGenericFromCacheTable" ".getImplicitGenericFromCache" ".getImplicitGeneric" "implicitGeneric" ".genericOrImplicit" "methods::cacheMetaData" "loadNamespace" "asNamespace" "namespaceImportFrom" "loadNamespace" "doTryCatch" "tryCatchOne" "tryCatchList" "tryCatch" "getNamespace" "asNamespace" "getExportedValue" "::" "disnet_comm3" "disnet_commuting" 
"lazyLoadDBfetch" "<Anonymous>" "lazyLoadDBfetch" "<Anonymous>" "lazyLoadDBfetch" "<Anonymous>" "lazyLoadDBfetch" ".updateMethodsInTable" "methods::cacheMetaData" "loadNamespace" "asNamespace" "namespaceImportFrom" "loadNamespace" "doTryCatch" "tryCatchOne" "tryCatchList" "tryCatch" "getNamespace" "asNamespace" "getExportedValue" "::" "disnet_comm3" "disnet_commuting" 
".getGeneric" "getGeneric" ".recMembers" "Recall" ".recMembers" "getGroupMembers" ".checkGroupSigLength" "Recall" ".checkGroupSigLength" ".updateMethodsInTable" ".updateMethodsInTable" ".updateMethodsInTable" "methods::cacheMetaData" "loadNamespace" "asNamespace" "namespaceImportFrom" "loadNamespace" "doTryCatch" "tryCatchOne" "tryCatchList" "tryCatch" "getNamespace" "asNamespace" "getExportedValue" "::" "disnet_comm3" "disnet_commuting" 
"gzfile" "readRDS" "FUN" "lapply" "find.package" "loadNamespace" "asNamespace" "namespaceImportFrom" "loadNamespace" "doTryCatch" "tryCatchOne" "tryCatchList" "tryCatch" "getNamespace" "asNamespace" "getExportedValue" "::" "disnet_comm3" "disnet_commuting" 
"is.factor" "unique.default" "unique" ".checkGroupSigLength" "Recall" ".checkGroupSigLength" ".updateMethodsInTable" ".updateMethodsInTable" ".updateMethodsInTable" "methods::cacheMetaData" "loadNamespace" "asNamespace" "namespaceImportFrom" "loadNamespace" "doTryCatch" "tryCatchOne" "tryCatchList" "tryCatch" "getNamespace" "asNamespace" "getExportedValue" "::" "disnet_comm3" "disnet_commuting" 
"file.exists" "find.package" "loadNamespace" "asNamespace" "namespaceImportFrom" "loadNamespace" "doTryCatch" "tryCatchOne" "tryCatchList" "tryCatch" "getNamespace" "asNamespace" "getExportedValue" "::" "disnet_comm3" "disnet_commuting" 
"getGeneric" "FUN" "lapply" ".checkGroupSigLength" "Recall" ".checkGroupSigLength" ".updateMethodsInTable" ".updateMethodsInTable" ".updateMethodsInTable" "methods::cacheMetaData" "loadNamespace" "asNamespace" "namespaceImportFrom" "loadNamespace" "doTryCatch" "tryCatchOne" "tryCatchList" "tryCatch" "getNamespace" "asNamespace" "getExportedValue" "::" "disnet_comm3" "disnet_commuting" 
"getGeneric" "FUN" "lapply" ".checkGroupSigLength" "Recall" ".checkGroupSigLength" ".updateMethodsInTable" ".updateMethodsInTable" ".updateMethodsInTable" "methods::cacheMetaData" "loadNamespace" "asNamespace" "namespaceImportFrom" "loadNamespace" "doTryCatch" "tryCatchOne" "tryCatchList" "tryCatch" "getNamespace" "asNamespace" "getExportedValue" "::" "disnet_comm3" "disnet_commuting" 
"is" ".recMembers" "Recall" ".recMembers" "getGroupMembers" ".checkGroupSigLength" "Recall" ".checkGroupSigLength" ".updateMethodsInTable" ".updateMethodsInTable" ".updateMethodsInTable" "methods::cacheMetaData" "loadNamespace" "asNamespace" "namespaceImportFrom" "loadNamespace" "doTryCatch" "tryCatchOne" "tryCatchList" "tryCatch" "getNamespace" "asNamespace" "getExportedValue" "::" "disnet_comm3" "disnet_commuting" 
"registerS3methods" "loadNamespace" "doTryCatch" "tryCatchOne" "tryCatchList" "tryCatch" "getNamespace" "asNamespace" "getExportedValue" "::" "disnet_comm3" "disnet_commuting" 
"is" "getGeneric" ".recMembers" "Recall" ".recMembers" "getGroupMembers" ".checkGroupSigLength" "Recall" ".checkGroupSigLength" ".updateMethodsInTable" ".updateMethodsInTable" ".updateMethodsInTable" "methods::cacheMetaData" "loadNamespace" "doTryCatch" "tryCatchOne" "tryCatchList" "tryCatch" "getNamespace" "asNamespace" "getExportedValue" "::" "disnet_comm3" "disnet_commuting" 
"lazyLoadDBfetch" "get0" "getExportedValue" "::" "match.arg" "check_na_matches" "inner_join_impl" "inner_join.tbl_df" "inner_join" "as.data.frame" "inner_join.data.frame" "dplyr::inner_join" "disnet_comm3" "disnet_commuting" 
"cb$code" "codeBufCode" "genCode" "cmpfun" "doTryCatch" "tryCatchOne" "tryCatchList" "tryCatch" "compiler:::tryCmpfun" "recycle_columns" "list_to_tibble" "as_data_frame.data.frame" "as_data_frame" "tbl_df" "inner_join" "as.data.frame" "inner_join.data.frame" "dplyr::inner_join" "disnet_comm3" "disnet_commuting" 
"findCenvVar" "findVar" "cmpSym" "cmp" "cmpPrim2" "h" "tryInline" "cmpCall" "cmp" "h" "tryInline" "cmpCall" "cmp" "cmpPrim2" "h" "tryInline" "cmpCall" "cmp" "h" "tryInline" "cmpCall" "cmp" "cmpPrim2" "h" "tryInline" "cmpCall" "cmp" "h" "tryInline" "cmpCall" "cmp" "cmpPrim2" "h" "tryInline" "cmpCall" "cmp" "cmpSymbolAssign" "h" "tryInline" "cmpCall" "cmp" "h" "tryInline" "cmpCall" "cmp" "h" "tryInline" "cmpCall" "cmp" "genCode" "cmpfun" "doTryCatch" "tryCatchOne" "tryCatchList" "tryCatch" "compiler:::tryCmpfun" "disnet_comm1" "lapply" "disnet_comm2" "lapply" "disnet_commuting" 
"tracingState" ".doTrace" "disnet_comm1" "lapply" "disnet_comm2" "lapply" "disnet_commuting" 
"[.data.frame" "[" "disnet_comm1" "lapply" "disnet_comm2" "lapply" "disnet_commuting" 
"disnet_comm1" "lapply" "disnet_comm2" "lapply" "disnet_commuting" 
"%in%" "disnet_comm1" "lapply" "disnet_comm2" "lapply" "disnet_commuting" 
"[[.data.frame" "[[" "[.data.frame" "[" "disnet_comm1" "lapply" "disnet_comm2" "lapply" "disnet_commuting" 
"$" "%in%" "disnet_comm1" "lapply" "disnet_comm2" "lapply" "disnet_commuting" 
"[.data.frame" "[" "disnet_comm2" "lapply" "disnet_commuting" 
"[[.data.frame" "[[" "$.data.frame" "$" "disnet_comm1" "lapply" "disnet_comm2" "lapply" "disnet_commuting" 
"[.data.frame" "[" "disnet_comm1" "lapply" "disnet_comm2" "lapply" "disnet_commuting" 
"disnet_comm1" "lapply" "disnet_comm2" "lapply" "disnet_commuting" 
"[[.data.frame" "[[" "[.data.frame" "[" "disnet_comm1" "lapply" "disnet_comm2" "lapply" "disnet_commuting" 
"all" "[[.data.frame" "[[" "$.data.frame" "$" "disnet_comm1" "lapply" "disnet_comm2" "lapply" "disnet_commuting" 
"print.default" "print" "disnet_comm2" "lapply" "disnet_commuting" 
"[" "disnet_comm1" "lapply" "disnet_comm2" "lapply" "disnet_commuting" 
"disnet_comm1" "lapply" "disnet_comm2" "lapply" "disnet_commuting" 
"<Anonymous>" "[[.data.frame" "[[" "[.data.frame" "[" "disnet_comm1" "lapply" "disnet_comm2" "lapply" "disnet_commuting" 
"$.data.frame" "$" "[.data.frame" "[" "disnet_comm1" "lapply" "disnet_comm2" "lapply" "disnet_commuting" 
"[[" "[.data.frame" "[" "disnet_comm1" "lapply" "disnet_comm2" "lapply" "disnet_commuting" 
"anyDuplicated" "[.data.frame" "[" "disnet_comm1" "lapply" "disnet_comm2" "lapply" "disnet_commuting" 
"[.data.frame" "[" "disnet_comm2" "lapply" "disnet_commuting" 
"disnet_comm1" "lapply" "disnet_comm2" "lapply" "disnet_commuting" 
"disnet_comm1" "lapply" "disnet_comm2" "lapply" "disnet_commuting" 
"[[" "$.data.frame" "$" "%in%" "disnet_comm1" "lapply" "disnet_comm2" "lapply" "disnet_commuting" 
"[[.data.frame" "[[" "[.data.frame" "[" "disnet_comm1" "lapply" "disnet_comm2" "lapply" "disnet_commuting" 
"%in%" "disnet_comm1" "lapply" "disnet_comm2" "lapply" "disnet_commuting" 
"<Anonymous>" "eval" "eval" "eval.parent" ".doTrace" "disnet_comm1" "lapply" "disnet_comm2" "lapply" "disnet_commuting" 
"all" "[[.data.frame" "[[" "$.data.frame" "$" "%in%" "disnet_comm1" "lapply" "disnet_comm2" "lapply" "disnet_commuting" 
"[.data.frame" "[" "disnet_comm1" "lapply" "disnet_comm2" "lapply" "disnet_commuting" 
"[.data.frame" "[" "disnet_comm1" "lapply" "disnet_comm2" "lapply" "disnet_commuting" 
"names" "%in%" "[[.data.frame" "[[" "[.data.frame" "[" "disnet_comm1" "lapply" "disnet_comm2" "lapply" "disnet_commuting" 
"[[.data.frame" "[[" "[.data.frame" "[" "disnet_comm1" "lapply" "disnet_comm2" "lapply" "disnet_commuting" 
"[.data.frame" "[" "disnet_comm1" "lapply" "disnet_comm2" "lapply" "disnet_commuting" 
"[.data.frame" "[" "disnet_comm1" "lapply" "disnet_comm2" "lapply" "disnet_commuting" 
"anyDuplicated.default" "anyDuplicated" "[.data.frame" "[" "disnet_comm1" "lapply" "disnet_comm2" "lapply" "disnet_commuting" 
"[[" "[.data.frame" "[" "disnet_comm1" "lapply" "disnet_comm2" "lapply" "disnet_commuting" 
"sys.call" "%in%" "[[.data.frame" "[[" "$.data.frame" "$" "disnet_comm1" "lapply" "disnet_comm2" "lapply" "disnet_commuting" 
"<Anonymous>" "eval" "eval" "eval.parent" ".doTrace" "disnet_comm1" "lapply" "disnet_comm2" "lapply" "disnet_commuting" 
"$.data.frame" "$" "disnet_comm1" "lapply" "disnet_comm2" "lapply" "disnet_commuting" 
"disnet_comm1" "lapply" "disnet_comm2" "lapply" "disnet_commuting" 
"[.data.frame" "[" "disnet_comm1" "lapply" "disnet_comm2" "lapply" "disnet_commuting" 
"length" "length" "[.data.frame" "[" "disnet_comm1" "lapply" "disnet_comm2" "lapply" "disnet_commuting" 
"<Anonymous>" "[[.data.frame" "[[" "[.data.frame" "[" "disnet_comm1" "lapply" "disnet_comm2" "lapply" "disnet_commuting" 
"[[" "$.data.frame" "$" "[.data.frame" "[" "disnet_comm1" "lapply" "disnet_comm2" "lapply" "disnet_commuting" 
"[.data.frame" "[" "disnet_comm1" "lapply" "disnet_comm2" "lapply" "disnet_commuting" 
"print.default" "print" "disnet_comm2" "lapply" "disnet_commuting" 
"[.data.frame" "[" "disnet_comm2" "lapply" "disnet_commuting" 
"[.data.frame" "[" "disnet_comm1" "lapply" "disnet_comm2" "lapply" "disnet_commuting" 
"[.data.frame" "[" "disnet_comm1" "lapply" "disnet_comm2" "lapply" "disnet_commuting" 
"disnet_comm1" "lapply" "disnet_comm2" "lapply" "disnet_commuting" 
"[.data.frame" "[" "disnet_comm1" "lapply" "disnet_comm2" "lapply" "disnet_commuting" 
"[.data.frame" "[" "disnet_comm1" "lapply" "disnet_comm2" "lapply" "disnet_commuting" 
"[[" "[.data.frame" "[" "disnet_comm1" "lapply" "disnet_comm2" "lapply" "disnet_commuting" 
"[[.data.frame" "[[" "[.data.frame" "[" "disnet_comm1" "lapply" "disnet_comm2" "lapply" "disnet_commuting" 
"print.default" "print" "disnet_comm2" "lapply" "disnet_commuting" 
"[[" "$.data.frame" "$" "disnet_comm1" "lapply" "disnet_comm2" "lapply" "disnet_commuting" 
"sys.call" "%in%" "[[.data.frame" "[[" "$.data.frame" "$" "[.data.frame" "[" "disnet_comm1" "lapply" "disnet_comm2" "lapply" "disnet_commuting" 
"<Anonymous>" "eval" "eval" "eval.parent" ".doTrace" "disnet_comm1" "lapply" "disnet_comm2" "lapply" "disnet_commuting" 
"print.default" "print" "disnet_comm2" "lapply" "disnet_commuting" 
"anyDuplicated.default" "anyDuplicated" "[.data.frame" "[" "disnet_comm1" "lapply" "disnet_comm2" "lapply" "disnet_commuting" 
"[.data.frame" "[" "disnet_comm1" "lapply" "disnet_comm2" "lapply" "disnet_commuting" 
"%in%" "disnet_comm1" "lapply" "disnet_comm2" "lapply" "disnet_commuting" 
"names" "%in%" "[[.data.frame" "[[" "[.data.frame" "[" "disnet_comm1" "lapply" "disnet_comm2" "lapply" "disnet_commuting" 
"$" "disnet_comm1" "lapply" "disnet_comm2" "lapply" "disnet_commuting" 
"print.default" "print" "disnet_comm2" "lapply" "disnet_commuting" 
"[.data.frame" "[" "disnet_comm2" "lapply" "disnet_commuting" 
"%in%" "[.data.frame" "[" "disnet_comm2" "lapply" "disnet_commuting" 
"disnet_comm1" "lapply" "disnet_comm2" "lapply" "disnet_commuting" 
"%in%" "[[.data.frame" "[[" "[.data.frame" "[" "disnet_comm1" "lapply" "disnet_comm2" "lapply" "disnet_commuting" 
"[[.data.frame" "[[" "$.data.frame" "$" "%in%" "disnet_comm1" "lapply" "disnet_comm2" "lapply" "disnet_commuting" 
"[[.data.frame" "[[" "[.data.frame" "[" "disnet_comm1" "lapply" "disnet_comm2" "lapply" "disnet_commuting" 
"$" "%in%" "disnet_comm1" "lapply" "disnet_comm2" "lapply" "disnet_commuting" 
"disnet_comm1" "lapply" "disnet_comm2" "lapply" "disnet_commuting" 
"[.data.frame" "[" "disnet_comm1" "lapply" "disnet_comm2" "lapply" "disnet_commuting" 
"print.default" "print" "disnet_comm2" "lapply" "disnet_commuting" 
"is.matrix" "<Anonymous>" "[[.data.frame" "[[" "[.data.frame" "[" "disnet_comm1" "lapply" "disnet_comm2" "lapply" "disnet_commuting" 
"[[.data.frame" "[[" "[.data.frame" "[" "disnet_comm1" "lapply" "disnet_comm2" "lapply" "disnet_commuting" 
"%in%" "disnet_comm1" "lapply" "disnet_comm2" "lapply" "disnet_commuting" 
"<Anonymous>" "[[.data.frame" "[[" "[.data.frame" "[" "disnet_comm1" "lapply" "disnet_comm2" "lapply" "disnet_commuting" 
"disnet_comm1" "lapply" "disnet_comm2" "lapply" "disnet_commuting" 
"print.default" "print" "disnet_comm2" "lapply" "disnet_commuting" 
"[.data.frame" "[" "disnet_comm1" "lapply" "disnet_comm2" "lapply" "disnet_commuting" 
"dim" "[.data.frame" "[" "disnet_comm1" "lapply" "disnet_comm2" "lapply" "disnet_commuting" 
"all" "[[.data.frame" "[[" "[.data.frame" "[" "disnet_comm1" "lapply" "disnet_comm2" "lapply" "disnet_commuting" 
"[.data.frame" "[" "disnet_comm1" "lapply" "disnet_comm2" "lapply" "disnet_commuting" 
"[[" "$.data.frame" "$" "disnet_comm1" "lapply" "disnet_comm2" "lapply" "disnet_commuting" 
"[.data.frame" "[" "disnet_comm1" "lapply" "disnet_comm2" "lapply" "disnet_commuting" 
"[.data.frame" "[" "disnet_comm1" "lapply" "disnet_comm2" "lapply" "disnet_commuting" 
"[.data.frame" "[" "disnet_comm1" "lapply" "disnet_comm2" "lapply" "disnet_commuting" 
"[[.data.frame" "[[" "[.data.frame" "[" "disnet_comm1" "lapply" "disnet_comm2" "lapply" "disnet_commuting" 
"print.default" "print" "disnet_comm2" "lapply" "disnet_commuting" 
"sys.call" "%in%" "[[.data.frame" "[[" "$.data.frame" "$" "disnet_comm1" "lapply" "disnet_comm2" "lapply" "disnet_commuting" 
"[.data.frame" "[" "disnet_comm1" "lapply" "disnet_comm2" "lapply" "disnet_commuting" 
"disnet_comm1" "lapply" "disnet_comm2" "lapply" "disnet_commuting" 
"%in%" "[[.data.frame" "[[" "$.data.frame" "$" "[.data.frame" "[" "disnet_comm1" "lapply" "disnet_comm2" "lapply" "disnet_commuting" 
"[.data.frame" "[" "disnet_comm1" "lapply" "disnet_comm2" "lapply" "disnet_commuting" 
"%in%" "[.data.frame" "[" "disnet_comm2" "lapply" "disnet_commuting" 
"[[" "[.data.frame" "[" "disnet_comm1" "lapply" "disnet_comm2" "lapply" "disnet_commuting" 
"%in%" "disnet_comm1" "lapply" "disnet_comm2" "lapply" "disnet_commuting" 
"%in%" "disnet_comm1" "lapply" "disnet_comm2" "lapply" "disnet_commuting" 
"[.data.frame" "[" "disnet_comm1" "lapply" "disnet_comm2" "lapply" "disnet_commuting" 
"[[.data.frame" "[[" "[.data.frame" "[" "disnet_comm1" "lapply" "disnet_comm2" "lapply" "disnet_commuting" 
"sys.call" "%in%" "[[.data.frame" "[[" "[.data.frame" "[" "disnet_comm1" "lapply" "disnet_comm2" "lapply" "disnet_commuting" 
"%in%" "disnet_comm1" "lapply" "disnet_comm2" "lapply" "disnet_commuting" 
"print.default" "print" "disnet_comm2" "lapply" "disnet_commuting" 
"print.default" "print" "disnet_comm2" "lapply" "disnet_commuting" 
"%in%" "disnet_comm1" "lapply" "disnet_comm2" "lapply" "disnet_commuting" 
"%in%" "disnet_comm1" "lapply" "disnet_comm2" "lapply" "disnet_commuting" 
"%in%" "disnet_comm1" "lapply" "disnet_comm2" "lapply" "disnet_commuting" 
"[.data.frame" "[" "disnet_comm1" "lapply" "disnet_comm2" "lapply" "disnet_commuting" 
".subset2" "<Anonymous>" "[[.data.frame" "[[" "[.data.frame" "[" "disnet_comm1" "lapply" "disnet_comm2" "lapply" "disnet_commuting" 
"+" "<Anonymous>" "eval" "eval" "eval.parent" ".doTrace" "disnet_comm1" "lapply" "disnet_comm2" "lapply" "disnet_commuting" 
"$.data.frame" "$" "%in%" "disnet_comm1" "lapply" "disnet_comm2" "lapply" "disnet_commuting" 
"[[" "[.data.frame" "[" "disnet_comm1" "lapply" "disnet_comm2" "lapply" "disnet_commuting" 
"[[" "$.data.frame" "$" "disnet_comm1" "lapply" "disnet_comm2" "lapply" "disnet_commuting" 
"disnet_comm1" "lapply" "disnet_comm2" "lapply" "disnet_commuting" 
"[.data.frame" "[" "disnet_comm1" "lapply" "disnet_comm2" "lapply" "disnet_commuting" 
"disnet_comm1" "lapply" "disnet_comm2" "lapply" "disnet_commuting" 
"[[" "$.data.frame" "$" "disnet_comm1" "lapply" "disnet_comm2" "lapply" "disnet_commuting" 
"[[.data.frame" "[[" "$.data.frame" "$" "disnet_comm1" "lapply" "disnet_comm2" "lapply" "disnet_commuting" 
"[" "disnet_comm1" "lapply" "disnet_comm2" "lapply" "disnet_commuting" 
"[.data.frame" "[" "disnet_comm1" "lapply" "disnet_comm2" "lapply" "disnet_commuting" 
"[.data.frame" "[" "disnet_comm1" "lapply" "disnet_comm2" "lapply" "disnet_commuting" 
"[[.data.frame" "[[" "[.data.frame" "[" "disnet_comm1" "lapply" "disnet_comm2" "lapply" "disnet_commuting" 
"anyDuplicated.default" "anyDuplicated" "[.data.frame" "[" "disnet_comm1" "lapply" "disnet_comm2" "lapply" "disnet_commuting" 
"[.data.frame" "[" "disnet_comm1" "lapply" "disnet_comm2" "lapply" "disnet_commuting" 
".doTrace" "disnet_comm1" "lapply" "disnet_comm2" "lapply" "disnet_commuting" 
"lapply" "disnet_comm2" "lapply" "disnet_commuting" 
"[[.data.frame" "[[" "$.data.frame" "$" "disnet_comm1" "lapply" "disnet_comm2" "lapply" "disnet_commuting" 
"<Anonymous>" "eval" "eval" "eval.parent" ".doTrace" "disnet_comm1" "lapply" "disnet_comm2" "lapply" "disnet_commuting" 
"[.data.frame" "[" "disnet_comm1" "lapply" "disnet_comm2" "lapply" "disnet_commuting" 
"[.data.frame" "[" "disnet_comm1" "lapply" "disnet_comm2" "lapply" "disnet_commuting" 
"[.data.frame" "[" "disnet_comm1" "lapply" "disnet_comm2" "lapply" "disnet_commuting" 
"all" "[[.data.frame" "[[" "[.data.frame" "[" "disnet_comm1" "lapply" "disnet_comm2" "lapply" "disnet_commuting" 
"%in%" "disnet_comm1" "lapply" "disnet_comm2" "lapply" "disnet_commuting" 
"print.default" "print" "disnet_comm2" "lapply" "disnet_commuting" 
"%in%" "[[.data.frame" "[[" "$.data.frame" "$" "disnet_comm1" "lapply" "disnet_comm2" "lapply" "disnet_commuting" 
"<Anonymous>" "[[.data.frame" "[[" "$.data.frame" "$" "[.data.frame" "[" "disnet_comm1" "lapply" "disnet_comm2" "lapply" "disnet_commuting" 
"$" "disnet_comm1" "lapply" "disnet_comm2" "lapply" "disnet_commuting" 
"<Anonymous>" "[[.data.frame" "[[" "$.data.frame" "$" "disnet_comm1" "lapply" "disnet_comm2" "lapply" "disnet_commuting" 
"%in%" "[[.data.frame" "[[" "$.data.frame" "$" "disnet_comm1" "lapply" "disnet_comm2" "lapply" "disnet_commuting" 
"print.default" "print" "disnet_comm2" "lapply" "disnet_commuting" 
"%in%" "[[.data.frame" "[[" "$.data.frame" "$" "disnet_comm1" "lapply" "disnet_comm2" "lapply" "disnet_commuting" 
"disnet_comm1" "lapply" "disnet_comm2" "lapply" "disnet_commuting" 
"[[" "[.data.frame" "[" "disnet_comm1" "lapply" "disnet_comm2" "lapply" "disnet_commuting" 
"%in%" "disnet_comm1" "lapply" "disnet_comm2" "lapply" "disnet_commuting" 
"$.data.frame" "$" "disnet_comm1" "lapply" "disnet_comm2" "lapply" "disnet_commuting" 
"<Anonymous>" "[[.data.frame" "[[" "[.data.frame" "[" "disnet_comm1" "lapply" "disnet_comm2" "lapply" "disnet_commuting" 
"$" "disnet_comm1" "lapply" "disnet_comm2" "lapply" "disnet_commuting" 
"[.data.frame" "[" "disnet_comm1" "lapply" "disnet_comm2" "lapply" "disnet_commuting" 
"disnet_comm1" "lapply" "disnet_comm2" "lapply" "disnet_commuting" 
"[.data.frame" "[" "disnet_comm1" "lapply" "disnet_comm2" "lapply" "disnet_commuting" 
"%in%" "[.data.frame" "[" "disnet_comm2" "lapply" "disnet_commuting" 
"%in%" "disnet_comm1" "lapply" "disnet_comm2" "lapply" "disnet_commuting" 
"%in%" "<Anonymous>" "eval" "eval" "eval.parent" ".doTrace" "disnet_comm1" "lapply" "disnet_comm2" "lapply" "disnet_commuting" 
"[.data.frame" "[" "disnet_comm1" "lapply" "disnet_comm2" "lapply" "disnet_commuting" 
"%in%" "[[.data.frame" "[[" "$.data.frame" "$" "disnet_comm1" "lapply" "disnet_comm2" "lapply" "disnet_commuting" 
"$" "disnet_comm1" "lapply" "disnet_comm2" "lapply" "disnet_commuting" 
"disnet_comm1" "lapply" "disnet_comm2" "lapply" "disnet_commuting" 
"%in%" "disnet_comm1" "lapply" "disnet_comm2" "lapply" "disnet_commuting" 
"[.data.frame" "[" "disnet_comm1" "lapply" "disnet_comm2" "lapply" "disnet_commuting" 
"print.default" "print" "disnet_comm2" "lapply" "disnet_commuting" 
"disnet_comm1" "lapply" "disnet_comm2" "lapply" "disnet_commuting" 
"sys.call" "%in%" "[[.data.frame" "[[" "[.data.frame" "[" "disnet_comm1" "lapply" "disnet_comm2" "lapply" "disnet_commuting" 
"%in%" "disnet_comm1" "lapply" "disnet_comm2" "lapply" "disnet_commuting" 
"disnet_comm1" "lapply" "disnet_comm2" "lapply" "disnet_commuting" 
"%in%" "disnet_comm1" "lapply" "disnet_comm2" "lapply" "disnet_commuting" 
"[.data.frame" "[" "disnet_comm1" "lapply" "disnet_comm2" "lapply" "disnet_commuting" 
"[.data.frame" "[" "disnet_comm1" "lapply" "disnet_comm2" "lapply" "disnet_commuting" 
"[[" "[.data.frame" "[" "disnet_comm1" "lapply" "disnet_comm2" "lapply" "disnet_commuting" 
"[.data.frame" "[" "disnet_comm1" "lapply" "disnet_comm2" "lapply" "disnet_commuting" 
"[.data.frame" "[" "disnet_comm2" "lapply" "disnet_commuting" 
"print.default" "print" "disnet_comm2" "lapply" "disnet_commuting" 
"print.default" "print" "disnet_comm2" "lapply" "disnet_commuting" 
"[.data.frame" "[" "disnet_comm1" "lapply" "disnet_comm2" "lapply" "disnet_commuting" 
"sys.call" "%in%" "[[.data.frame" "[[" "$.data.frame" "$" "disnet_comm1" "lapply" "disnet_comm2" "lapply" "disnet_commuting" 
"$" "disnet_comm1" "lapply" "disnet_comm2" "lapply" "disnet_commuting" 
"anyDuplicated" "[.data.frame" "[" "disnet_comm1" "lapply" "disnet_comm2" "lapply" "disnet_commuting" 
"%in%" "disnet_comm1" "lapply" "disnet_comm2" "lapply" "disnet_commuting" 
"disnet_comm1" "lapply" "disnet_comm2" "lapply" "disnet_commuting" 
"[" "disnet_comm1" "lapply" "disnet_comm2" "lapply" "disnet_commuting" 
"[.data.frame" "[" "disnet_comm1" "lapply" "disnet_comm2" "lapply" "disnet_commuting" 
"$" "disnet_comm1" "lapply" "disnet_comm2" "lapply" "disnet_commuting" 
"length" "[.data.frame" "[" "disnet_comm1" "lapply" "disnet_comm2" "lapply" "disnet_commuting" 
"[.data.frame" "[" "disnet_comm1" "lapply" "disnet_comm2" "lapply" "disnet_commuting" 
"%in%" "disnet_comm1" "lapply" "disnet_comm2" "lapply" "disnet_commuting" 
"[.data.frame" "[" "disnet_comm1" "lapply" "disnet_comm2" "lapply" "disnet_commuting" 
"%in%" "disnet_comm1" "lapply" "disnet_comm2" "lapply" "disnet_commuting" 
"anyDuplicated.default" "anyDuplicated" "[.data.frame" "[" "disnet_comm1" "lapply" "disnet_comm2" "lapply" "disnet_commuting" 
"sys.call" "%in%" "[[.data.frame" "[[" "$.data.frame" "$" "%in%" "disnet_comm1" "lapply" "disnet_comm2" "lapply" "disnet_commuting" 
"%in%" "[.data.frame" "[" "disnet_comm2" "lapply" "disnet_commuting" 
"[[.data.frame" "[[" "$.data.frame" "$" "disnet_comm1" "lapply" "disnet_comm2" "lapply" "disnet_commuting" 
"all" "[[.data.frame" "[[" "[.data.frame" "[" "disnet_comm1" "lapply" "disnet_comm2" "lapply" "disnet_commuting" 
"$.data.frame" "$" "%in%" "disnet_comm1" "lapply" "disnet_comm2" "lapply" "disnet_commuting" 
"[.data.frame" "[" "disnet_comm1" "lapply" "disnet_comm2" "lapply" "disnet_commuting" 
"<Anonymous>" "eval" "eval" "eval.parent" ".doTrace" "disnet_comm1" "lapply" "disnet_comm2" "lapply" "disnet_commuting" 
"[.data.frame" "[" "disnet_comm1" "lapply" "disnet_comm2" "lapply" "disnet_commuting" 
".External" "terms.formula" "terms" "model.frame.default" "stats::model.frame" "eval" "eval" "aggregate.formula" "aggregate" "disnet_commuting" 
"as.character" "factor" "as.factor" "ident" "lapply" "aggregate.data.frame" "aggregate.formula" "aggregate" "disnet_commuting" 
"rownames<-" "is.na.data.frame" "is.na" "is.na" "igraph::graph_from_data_frame" "disnet_commuting" 
