sample.interval=20000
"paste0" "cb$makelabel" "cmpSubsetDispatch" "h" "tryInline" "cmpCall" "cmp" "genCode" "cb$putconst" "cmpCallArgs" "cmpCallSymFun" "cmpCall" "cmp" "genCode" "cb$putconst" "cmpCallArgs" "cmpCallSymFun" "cmpCall" "cmp" "cmpSymbolAssign" "h" "tryInline" "cmpCall" "cmp" "h" "tryInline" "cmpCall" "cmp" "h" "tryInline" "cmpCall" "cmp" "genCode" "cmpfun" "doTryCatch" "tryCatchOne" "tryCatchList" "tryCatch" "compiler:::tryCmpfun" "disnet_foi" "FUN" "this_lapply" "disnet_simulate" 
"$" "findCenvVar" "findVar" "cmpSym" "cmp" "genCode" "cb$putconst" "cmpCallArgs" "cmpCallSymFun" "cmpCall" "cmp" "cmpSymbolAssign" "h" "tryInline" "cmpCall" "cmp" "h" "tryInline" "cmpCall" "cmp" "cmpForBody" "h" "tryInline" "cmpCall" "cmp" "h" "tryInline" "cmpCall" "cmp" "h" "tryInline" "cmpCall" "cmp" "genCode" "cmpfun" "doTryCatch" "tryCatchOne" "tryCatchList" "tryCatch" "compiler:::tryCmpfun" "FUN" "this_lapply" "disnet_simulate" 
"%in%" "[[.data.frame" "[[" "$.data.frame" "$" "comp2_i_fxn" "lapply" "sapply" "disnet_foi" "FUN" "this_lapply" "disnet_simulate" 
"cat" "FUN" "this_lapply" "disnet_simulate" 
"eval.parent" ".doTrace" "comp2_i_fxn" "lapply" "sapply" "disnet_foi" "FUN" "this_lapply" "disnet_simulate" 
"l_ji_fxn" "lapply" "sapply" "disnet_foi" "FUN" "this_lapply" "disnet_simulate" 
"FUN" "this_lapply" "disnet_simulate" 
"l_ji_fxn" "lapply" "sapply" "disnet_foi" "FUN" "this_lapply" "disnet_simulate" 
"eval.parent" ".doTrace" "l_ji_fxn" "lapply" "sapply" "disnet_foi" "FUN" "this_lapply" "disnet_simulate" 
"comp2_i_fxn" "lapply" "sapply" "disnet_foi" "FUN" "this_lapply" "disnet_simulate" 
"comp2_i_fxn" "lapply" "sapply" "disnet_foi" "FUN" "this_lapply" "disnet_simulate" 
"[[.data.frame" "[[" "$.data.frame" "$" "comp2_i_fxn" "lapply" "sapply" "disnet_foi" "FUN" "this_lapply" "disnet_simulate" 
"[[.data.frame" "[[" "$.data.frame" "$" "comp2_i_fxn" "lapply" "sapply" "disnet_foi" "FUN" "this_lapply" "disnet_simulate" 
"comp2_i_fxn" "lapply" "sapply" "disnet_foi" "FUN" "this_lapply" "disnet_simulate" 
"disnet_foi" "FUN" "this_lapply" "disnet_simulate" 
"$.data.frame" "$" "comp2_i_fxn" "lapply" "sapply" "disnet_foi" "FUN" "this_lapply" "disnet_simulate" 
"l_ji_fxn" "lapply" "sapply" "disnet_foi" "FUN" "this_lapply" "disnet_simulate" 
"$" "comp2_i_fxn" "lapply" "sapply" "disnet_foi" "FUN" "this_lapply" "disnet_simulate" 
"sys.call" "%in%" "[[.data.frame" "[[" "$.data.frame" "$" "comp2_i_fxn" "lapply" "sapply" "disnet_foi" "FUN" "this_lapply" "disnet_simulate" 
"comp2_i_fxn" "lapply" "sapply" "disnet_foi" "FUN" "this_lapply" "disnet_simulate" 
"[[.data.frame" "[[" "$.data.frame" "$" "l_ji_fxn" "lapply" "sapply" "disnet_foi" "FUN" "this_lapply" "disnet_simulate" 
"cat" "FUN" "this_lapply" "disnet_simulate" 
"l_ji_fxn" "lapply" "sapply" "disnet_foi" "FUN" "this_lapply" "disnet_simulate" 
"l_ji_fxn" "lapply" "sapply" "disnet_foi" "FUN" "this_lapply" "disnet_simulate" 
"comp2_i_fxn" "lapply" "sapply" "disnet_foi" "FUN" "this_lapply" "disnet_simulate" 
"%in%" "[[.data.frame" "[[" "$.data.frame" "$" "comp2_i_fxn" "lapply" "sapply" "disnet_foi" "FUN" "this_lapply" "disnet_simulate" 
"lapply" "sapply" "disnet_foi" "FUN" "this_lapply" "disnet_simulate" 
"$" "l_ji_fxn" "lapply" "sapply" "disnet_foi" "FUN" "this_lapply" "disnet_simulate" 
"cat" "FUN" "this_lapply" "disnet_simulate" 
"cat" "FUN" "this_lapply" "disnet_simulate" 
"comp2_i_fxn" "lapply" "sapply" "disnet_foi" "FUN" "this_lapply" "disnet_simulate" 
"comp2_i_fxn" "lapply" "sapply" "disnet_foi" "FUN" "this_lapply" "disnet_simulate" 
"<Anonymous>" "eval" "eval" "eval.parent" ".doTrace" "l_ji_fxn" "lapply" "sapply" "disnet_foi" "FUN" "this_lapply" "disnet_simulate" 
"l_ji_fxn" "lapply" "sapply" "disnet_foi" "FUN" "this_lapply" "disnet_simulate" 
"all" "[[.data.frame" "[[" "$.data.frame" "$" "comp2_i_fxn" "lapply" "sapply" "disnet_foi" "FUN" "this_lapply" "disnet_simulate" 
"l_ji_fxn" "lapply" "sapply" "disnet_foi" "FUN" "this_lapply" "disnet_simulate" 
"*" "l_ji_fxn" "lapply" "sapply" "disnet_foi" "FUN" "this_lapply" "disnet_simulate" 
"comp2_i_fxn" "lapply" "sapply" "disnet_foi" "FUN" "this_lapply" "disnet_simulate" 
"%in%" "<Anonymous>" "eval" "eval" "eval.parent" ".doTrace" "comp2_i_fxn" "lapply" "sapply" "disnet_foi" "FUN" "this_lapply" "disnet_simulate" 
"sys.call" "%in%" "[[.data.frame" "[[" "$.data.frame" "$" "l_ji_fxn" "lapply" "sapply" "disnet_foi" "FUN" "this_lapply" "disnet_simulate" 
"l_ji_fxn" "lapply" "sapply" "disnet_foi" "FUN" "this_lapply" "disnet_simulate" 
"%in%" "<Anonymous>" "eval" "eval" "eval.parent" ".doTrace" "l_ji_fxn" "lapply" "sapply" "disnet_foi" "FUN" "this_lapply" "disnet_simulate" 
"comp2_i_fxn" "lapply" "sapply" "disnet_foi" "FUN" "this_lapply" "disnet_simulate" 
"is.matrix" "<Anonymous>" "[[.data.frame" "[[" "$.data.frame" "$" "comp2_i_fxn" "lapply" "sapply" "disnet_foi" "FUN" "this_lapply" "disnet_simulate" 
"comp2_i_fxn" "lapply" "sapply" "disnet_foi" "FUN" "this_lapply" "disnet_simulate" 
"comp2_i_fxn" "lapply" "sapply" "disnet_foi" "FUN" "this_lapply" "disnet_simulate" 
"cat" "FUN" "this_lapply" "disnet_simulate" 
"$.data.frame" "$" "comp2_i_fxn" "lapply" "sapply" "disnet_foi" "FUN" "this_lapply" "disnet_simulate" 
"cat" "FUN" "this_lapply" "disnet_simulate" 
"l_ji_fxn" "lapply" "sapply" "disnet_foi" "FUN" "this_lapply" "disnet_simulate" 
".doTrace" "comp2_i_fxn" "lapply" "sapply" "disnet_foi" "FUN" "this_lapply" "disnet_simulate" 
"%in%" "[[.data.frame" "[[" "$.data.frame" "$" "comp2_i_fxn" "lapply" "sapply" "disnet_foi" "FUN" "this_lapply" "disnet_simulate" 
"parent.frame" "eval.parent" ".doTrace" "l_ji_fxn" "lapply" "sapply" "disnet_foi" "FUN" "this_lapply" "disnet_simulate" 
"l_ji_fxn" "lapply" "sapply" "disnet_foi" "FUN" "this_lapply" "disnet_simulate" 
"structure" "as.data.frame.vector" "as.data.frame.character" "as.data.frame" "data.frame" "FUN" "this_lapply" "disnet_simulate" 
"[[.data.frame" "[[" "$.data.frame" "$" "l_ji_fxn" "lapply" "sapply" "disnet_foi" "FUN" "this_lapply" "disnet_simulate" 
"comp2_i_fxn" "lapply" "sapply" "disnet_foi" "FUN" "this_lapply" "disnet_simulate" 
"pmatch" ".deparseOpts" "deparse" "mode" "%in%" "deparse" "paste" "force" "as.data.frame.numeric" "as.data.frame" "data.frame" "FUN" "this_lapply" "disnet_simulate" 
"comp2_i_fxn" "lapply" "sapply" "disnet_foi" "FUN" "this_lapply" "disnet_simulate" 
"comp2_i_fxn" "lapply" "sapply" "disnet_foi" "FUN" "this_lapply" "disnet_simulate" 
".subset2" "<Anonymous>" "[[.data.frame" "[[" "$.data.frame" "$" "l_ji_fxn" "lapply" "sapply" "disnet_foi" "FUN" "this_lapply" "disnet_simulate" 
"eval.parent" ".doTrace" "comp2_i_fxn" "lapply" "sapply" "disnet_foi" "FUN" "this_lapply" "disnet_simulate" 
"cat" "FUN" "this_lapply" "disnet_simulate" 
"l_ji_fxn" "lapply" "sapply" "disnet_foi" "FUN" "this_lapply" "disnet_simulate" 
"[[" "$.data.frame" "$" "comp2_i_fxn" "lapply" "sapply" "disnet_foi" "FUN" "this_lapply" "disnet_simulate" 
"cat" "FUN" "this_lapply" "disnet_simulate" 
"l_ji_fxn" "lapply" "sapply" "disnet_foi" "FUN" "this_lapply" "disnet_simulate" 
"$.data.frame" "$" "l_ji_fxn" "lapply" "sapply" "disnet_foi" "FUN" "this_lapply" "disnet_simulate" 
"comp2_i_fxn" "lapply" "sapply" "disnet_foi" "FUN" "this_lapply" "disnet_simulate" 
"$.data.frame" "$" "comp2_i_fxn" "lapply" "sapply" "disnet_foi" "FUN" "this_lapply" "disnet_simulate" 
"[[.data.frame" "[[" "$.data.frame" "$" "l_ji_fxn" "lapply" "sapply" "disnet_foi" "FUN" "this_lapply" "disnet_simulate" 
"data.frame" "FUN" "this_lapply" "disnet_simulate" 
"cat" "FUN" "this_lapply" "disnet_simulate" 
"l_ji_fxn" "lapply" "sapply" "disnet_foi" "FUN" "this_lapply" "disnet_simulate" 
"[[.data.frame" "[[" "$.data.frame" "$" "l_ji_fxn" "lapply" "sapply" "disnet_foi" "FUN" "this_lapply" "disnet_simulate" 
"comp2_i_fxn" "lapply" "sapply" "disnet_foi" "FUN" "this_lapply" "disnet_simulate" 
"comp2_i_fxn" "lapply" "sapply" "disnet_foi" "FUN" "this_lapply" "disnet_simulate" 
"cat" "FUN" "this_lapply" "disnet_simulate" 
"$" "l_ji_fxn" "lapply" "sapply" "disnet_foi" "FUN" "this_lapply" "disnet_simulate" 
"%in%" "[[.data.frame" "[[" "$.data.frame" "$" "l_ji_fxn" "lapply" "sapply" "disnet_foi" "FUN" "this_lapply" "disnet_simulate" 
"comp2_i_fxn" "lapply" "sapply" "disnet_foi" "FUN" "this_lapply" "disnet_simulate" 
"$" "l_ji_fxn" "lapply" "sapply" "disnet_foi" "FUN" "this_lapply" "disnet_simulate" 
"structure" "as.data.frame.numeric" "as.data.frame" "data.frame" "FUN" "this_lapply" "disnet_simulate" 
"%in%" "<Anonymous>" "eval" "eval" "eval.parent" ".doTrace" "l_ji_fxn" "lapply" "sapply" "disnet_foi" "FUN" "this_lapply" "disnet_simulate" 
"l_ji_fxn" "lapply" "sapply" "disnet_foi" "FUN" "this_lapply" "disnet_simulate" 
"comp2_i_fxn" "lapply" "sapply" "disnet_foi" "FUN" "this_lapply" "disnet_simulate" 
"comp2_i_fxn" "lapply" "sapply" "disnet_foi" "FUN" "this_lapply" "disnet_simulate" 
"+" "<Anonymous>" "eval" "eval" "eval.parent" ".doTrace" "comp2_i_fxn" "lapply" "sapply" "disnet_foi" "FUN" "this_lapply" "disnet_simulate" 
"[[.data.frame" "[[" "$.data.frame" "$" "comp2_i_fxn" "lapply" "sapply" "disnet_foi" "FUN" "this_lapply" "disnet_simulate" 
"$<-.data.frame" "$<-" "disnet_foi" "FUN" "this_lapply" "disnet_simulate" 
"<Anonymous>" "eval" "eval" "eval.parent" ".doTrace" "l_ji_fxn" "lapply" "sapply" "disnet_foi" "FUN" "this_lapply" "disnet_simulate" 
"[[.data.frame" "[[" "$.data.frame" "$" "l_ji_fxn" "lapply" "sapply" "disnet_foi" "FUN" "this_lapply" "disnet_simulate" 
"comp2_i_fxn" "lapply" "sapply" "disnet_foi" "FUN" "this_lapply" "disnet_simulate" 
"cat" "FUN" "this_lapply" "disnet_simulate" 
"l_ji_fxn" "lapply" "sapply" "disnet_foi" "FUN" "this_lapply" "disnet_simulate" 
"cat" "FUN" "this_lapply" "disnet_simulate" 
"cat" "FUN" "this_lapply" "disnet_simulate" 
"all" "[[.data.frame" "[[" "$.data.frame" "$" "comp2_i_fxn" "lapply" "sapply" "disnet_foi" "FUN" "this_lapply" "disnet_simulate" 
"%in%" "[[.data.frame" "[[" "$.data.frame" "$" "l_ji_fxn" "lapply" "sapply" "disnet_foi" "FUN" "this_lapply" "disnet_simulate" 
"comp2_i_fxn" "lapply" "sapply" "disnet_foi" "FUN" "this_lapply" "disnet_simulate" 
"l_ji_fxn" "lapply" "sapply" "disnet_foi" "FUN" "this_lapply" "disnet_simulate" 
"l_ji_fxn" "lapply" "sapply" "disnet_foi" "FUN" "this_lapply" "disnet_simulate" 
"cat" "FUN" "this_lapply" "disnet_simulate" 
"l_ji_fxn" "lapply" "sapply" "disnet_foi" "FUN" "this_lapply" "disnet_simulate" 
"[[.data.frame" "[[" "$.data.frame" "$" "l_ji_fxn" "lapply" "sapply" "disnet_foi" "FUN" "this_lapply" "disnet_simulate" 
"%in%" "<Anonymous>" "eval" "eval" "eval.parent" ".doTrace" "comp2_i_fxn" "lapply" "sapply" "disnet_foi" "FUN" "this_lapply" "disnet_simulate" 
"cat" "FUN" "this_lapply" "disnet_simulate" 
"l_ji_fxn" "lapply" "sapply" "disnet_foi" "FUN" "this_lapply" "disnet_simulate" 
"l_ji_fxn" "lapply" "sapply" "disnet_foi" "FUN" "this_lapply" "disnet_simulate" 
"cat" "FUN" "this_lapply" "disnet_simulate" 
"l_ji_fxn" "lapply" "sapply" "disnet_foi" "FUN" "this_lapply" "disnet_simulate" 
"$" "l_ji_fxn" "lapply" "sapply" "disnet_foi" "FUN" "this_lapply" "disnet_simulate" 
"comp2_i_fxn" "lapply" "sapply" "disnet_foi" "FUN" "this_lapply" "disnet_simulate" 
"[[" "$.data.frame" "$" "l_ji_fxn" "lapply" "sapply" "disnet_foi" "FUN" "this_lapply" "disnet_simulate" 
"cat" "FUN" "this_lapply" "disnet_simulate" 
"comp2_i_fxn" "lapply" "sapply" "disnet_foi" "FUN" "this_lapply" "disnet_simulate" 
"%in%" "<Anonymous>" "eval" "eval" "eval.parent" ".doTrace" "comp2_i_fxn" "lapply" "sapply" "disnet_foi" "FUN" "this_lapply" "disnet_simulate" 
"cat" "FUN" "this_lapply" "disnet_simulate" 
"comp2_i_fxn" "lapply" "sapply" "disnet_foi" "FUN" "this_lapply" "disnet_simulate" 
"sum" "l_ji_fxn" "lapply" "sapply" "disnet_foi" "FUN" "this_lapply" "disnet_simulate" 
"l_ji_fxn" "lapply" "sapply" "disnet_foi" "FUN" "this_lapply" "disnet_simulate" 
"comp2_i_fxn" "lapply" "sapply" "disnet_foi" "FUN" "this_lapply" "disnet_simulate" 
"<Anonymous>" "eval" "eval" "eval.parent" ".doTrace" "l_ji_fxn" "lapply" "sapply" "disnet_foi" "FUN" "this_lapply" "disnet_simulate" 
"cat" "FUN" "this_lapply" "disnet_simulate" 
"cat" "FUN" "this_lapply" "disnet_simulate" 
"data.frame" "FUN" "this_lapply" "disnet_simulate" 
"eval" "eval.parent" ".doTrace" "l_ji_fxn" "lapply" "sapply" "disnet_foi" "FUN" "this_lapply" "disnet_simulate" 
"$.data.frame" "$" "l_ji_fxn" "lapply" "sapply" "disnet_foi" "FUN" "this_lapply" "disnet_simulate" 
"l_ji_fxn" "lapply" "sapply" "disnet_foi" "FUN" "this_lapply" "disnet_simulate" 
"cat" "FUN" "this_lapply" "disnet_simulate" 
"$" "comp2_i_fxn" "lapply" "sapply" "disnet_foi" "FUN" "this_lapply" "disnet_simulate" 
"cat" "FUN" "this_lapply" "disnet_simulate" 
"comp2_i_fxn" "lapply" "sapply" "disnet_foi" "FUN" "this_lapply" "disnet_simulate" 
"<Anonymous>" "[[.data.frame" "[[" "$.data.frame" "$" "comp2_i_fxn" "lapply" "sapply" "disnet_foi" "FUN" "this_lapply" "disnet_simulate" 
"cat" "FUN" "this_lapply" "disnet_simulate" 
"[[" "$.data.frame" "$" "l_ji_fxn" "lapply" "sapply" "disnet_foi" "FUN" "this_lapply" "disnet_simulate" 
".doTrace" "comp2_i_fxn" "lapply" "sapply" "disnet_foi" "FUN" "this_lapply" "disnet_simulate" 
"l_ji_fxn" "lapply" "sapply" "disnet_foi" "FUN" "this_lapply" "disnet_simulate" 
"cat" "FUN" "this_lapply" "disnet_simulate" 
"l_ji_fxn" "lapply" "sapply" "disnet_foi" "FUN" "this_lapply" "disnet_simulate" 
"comp2_i_fxn" "lapply" "sapply" "disnet_foi" "FUN" "this_lapply" "disnet_simulate" 
"l_ji_fxn" "lapply" "sapply" "disnet_foi" "FUN" "this_lapply" "disnet_simulate" 
"comp2_i_fxn" "lapply" "sapply" "disnet_foi" "FUN" "this_lapply" "disnet_simulate" 
"l_ji_fxn" "lapply" "sapply" "disnet_foi" "FUN" "this_lapply" "disnet_simulate" 
"l_ji_fxn" "lapply" "sapply" "disnet_foi" "FUN" "this_lapply" "disnet_simulate" 
"cat" "FUN" "this_lapply" "disnet_simulate" 
"l_ji_fxn" "lapply" "sapply" "disnet_foi" "FUN" "this_lapply" "disnet_simulate" 
"%in%" "[[.data.frame" "[[" "$.data.frame" "$" "comp2_i_fxn" "lapply" "sapply" "disnet_foi" "FUN" "this_lapply" "disnet_simulate" 
"$" "comp2_i_fxn" "lapply" "sapply" "disnet_foi" "FUN" "this_lapply" "disnet_simulate" 
"$<-" "disnet_foi" "FUN" "this_lapply" "disnet_simulate" 
"l_ji_fxn" "lapply" "sapply" "disnet_foi" "FUN" "this_lapply" "disnet_simulate" 
"comp2_i_fxn" "lapply" "sapply" "disnet_foi" "FUN" "this_lapply" "disnet_simulate" 
"[[.data.frame" "[[" "$.data.frame" "$" "l_ji_fxn" "lapply" "sapply" "disnet_foi" "FUN" "this_lapply" "disnet_simulate" 
"comp2_i_fxn" "lapply" "sapply" "disnet_foi" "FUN" "this_lapply" "disnet_simulate" 
"cat" "FUN" "this_lapply" "disnet_simulate" 
"comp2_i_fxn" "lapply" "sapply" "disnet_foi" "FUN" "this_lapply" "disnet_simulate" 
"comp2_i_fxn" "lapply" "sapply" "disnet_foi" "FUN" "this_lapply" "disnet_simulate" 
"<Anonymous>" "eval" "eval" "eval.parent" ".doTrace" "comp2_i_fxn" "lapply" "sapply" "disnet_foi" "FUN" "this_lapply" "disnet_simulate" 
"cat" "FUN" "this_lapply" "disnet_simulate" 
"%in%" "[[.data.frame" "[[" "$.data.frame" "$" "comp2_i_fxn" "lapply" "sapply" "disnet_foi" "FUN" "this_lapply" "disnet_simulate" 
"cat" "FUN" "this_lapply" "disnet_simulate" 
"comp2_i_fxn" "lapply" "sapply" "disnet_foi" "FUN" "this_lapply" "disnet_simulate" 
"sys.call" "%in%" "[[.data.frame" "[[" "$.data.frame" "$" "l_ji_fxn" "lapply" "sapply" "disnet_foi" "FUN" "this_lapply" "disnet_simulate" 
"$" "comp2_i_fxn" "lapply" "sapply" "disnet_foi" "FUN" "this_lapply" "disnet_simulate" 
"<Anonymous>" "eval" "eval" "eval.parent" ".doTrace" "l_ji_fxn" "lapply" "sapply" "disnet_foi" "FUN" "this_lapply" "disnet_simulate" 
"seq_len" "colSums" "FUN" "this_lapply" "disnet_simulate" 
"[[.data.frame" "[[" "$.data.frame" "$" "comp2_i_fxn" "lapply" "sapply" "disnet_foi" "FUN" "this_lapply" "disnet_simulate" 
"l_ji_fxn" "lapply" "sapply" "disnet_foi" "FUN" "this_lapply" "disnet_simulate" 
"comp2_i_fxn" "lapply" "sapply" "disnet_foi" "FUN" "this_lapply" "disnet_simulate" 
"cat" "FUN" "this_lapply" "disnet_simulate" 
"l_ji_fxn" "lapply" "sapply" "disnet_foi" "FUN" "this_lapply" "disnet_simulate" 
"[[.data.frame" "[[" "$.data.frame" "$" "comp2_i_fxn" "lapply" "sapply" "disnet_foi" "FUN" "this_lapply" "disnet_simulate" 
"l_ji_fxn" "lapply" "sapply" "disnet_foi" "FUN" "this_lapply" "disnet_simulate" 
"comp2_i_fxn" "lapply" "sapply" "disnet_foi" "FUN" "this_lapply" "disnet_simulate" 
"comp2_i_fxn" "lapply" "sapply" "disnet_foi" "FUN" "this_lapply" "disnet_simulate" 
"comp2_i_fxn" "lapply" "sapply" "disnet_foi" "FUN" "this_lapply" "disnet_simulate" 
"l_ji_fxn" "lapply" "sapply" "disnet_foi" "FUN" "this_lapply" "disnet_simulate" 
"comp2_i_fxn" "lapply" "sapply" "disnet_foi" "FUN" "this_lapply" "disnet_simulate" 
"$" "l_ji_fxn" "lapply" "sapply" "disnet_foi" "FUN" "this_lapply" "disnet_simulate" 
"comp2_i_fxn" "lapply" "sapply" "disnet_foi" "FUN" "this_lapply" "disnet_simulate" 
"cat" "FUN" "this_lapply" "disnet_simulate" 
"comp2_i_fxn" "lapply" "sapply" "disnet_foi" "FUN" "this_lapply" "disnet_simulate" 
"comp2_i_fxn" "lapply" "sapply" "disnet_foi" "FUN" "this_lapply" "disnet_simulate" 
"comp2_i_fxn" "lapply" "sapply" "disnet_foi" "FUN" "this_lapply" "disnet_simulate" 
"cat" "FUN" "this_lapply" "disnet_simulate" 
"lapply" "sapply" "disnet_foi" "FUN" "this_lapply" "disnet_simulate" 
"cat" "FUN" "this_lapply" "disnet_simulate" 
"as.matrix.data.frame" "as.matrix" "colSums" "FUN" "this_lapply" "disnet_simulate" 
".doTrace" "l_ji_fxn" "lapply" "sapply" "disnet_foi" "FUN" "this_lapply" "disnet_simulate" 
"l_ji_fxn" "lapply" "sapply" "disnet_foi" "FUN" "this_lapply" "disnet_simulate" 
"cat" "FUN" "this_lapply" "disnet_simulate" 
"<Anonymous>" "eval" "eval" "eval.parent" ".doTrace" "l_ji_fxn" "lapply" "sapply" "disnet_foi" "FUN" "this_lapply" "disnet_simulate" 
"cat" "FUN" "this_lapply" "disnet_simulate" 
"%in%" "[[.data.frame" "[[" "$.data.frame" "$" "l_ji_fxn" "lapply" "sapply" "disnet_foi" "FUN" "this_lapply" "disnet_simulate" 
".set_row_names" "data.frame" "FUN" "this_lapply" "disnet_simulate" 
"stdout" "cat" "FUN" "this_lapply" "disnet_simulate" 
"$.data.frame" "$" "comp2_i_fxn" "lapply" "sapply" "disnet_foi" "FUN" "this_lapply" "disnet_simulate" 
"<Anonymous>" "eval" "eval" "eval.parent" ".doTrace" "comp2_i_fxn" "lapply" "sapply" "disnet_foi" "FUN" "this_lapply" "disnet_simulate" 
"<Anonymous>" "eval" "eval" "eval.parent" ".doTrace" "comp2_i_fxn" "lapply" "sapply" "disnet_foi" "FUN" "this_lapply" "disnet_simulate" 
"cat" "FUN" "this_lapply" "disnet_simulate" 
"cat" "FUN" "this_lapply" "disnet_simulate" 
"cat" "FUN" "this_lapply" "disnet_simulate" 
"eval" "eval" "eval.parent" ".doTrace" "comp2_i_fxn" "lapply" "sapply" "disnet_foi" "FUN" "this_lapply" "disnet_simulate" 
"comp2_i_fxn" "lapply" "sapply" "disnet_foi" "FUN" "this_lapply" "disnet_simulate" 
"cat" "FUN" "this_lapply" "disnet_simulate" 
"l_ji_fxn" "lapply" "sapply" "disnet_foi" "FUN" "this_lapply" "disnet_simulate" 
"l_ji_fxn" "lapply" "sapply" "disnet_foi" "FUN" "this_lapply" "disnet_simulate" 
"comp2_i_fxn" "lapply" "sapply" "disnet_foi" "FUN" "this_lapply" "disnet_simulate" 
"eval" "eval.parent" ".doTrace" "l_ji_fxn" "lapply" "sapply" "disnet_foi" "FUN" "this_lapply" "disnet_simulate" 
"cat" "FUN" "this_lapply" "disnet_simulate" 
"comp2_i_fxn" "lapply" "sapply" "disnet_foi" "FUN" "this_lapply" "disnet_simulate" 
"cat" "FUN" "this_lapply" "disnet_simulate" 
"cat" "FUN" "this_lapply" "disnet_simulate" 
"comp2_i_fxn" "lapply" "sapply" "disnet_foi" "FUN" "this_lapply" "disnet_simulate" 
"cat" "FUN" "this_lapply" "disnet_simulate" 
"l_ji_fxn" "lapply" "sapply" "disnet_foi" "FUN" "this_lapply" "disnet_simulate" 
"tracingState" ".doTrace" "comp2_i_fxn" "lapply" "sapply" "disnet_foi" "FUN" "this_lapply" "disnet_simulate" 
"cat" "FUN" "this_lapply" "disnet_simulate" 
"$" "comp2_i_fxn" "lapply" "sapply" "disnet_foi" "FUN" "this_lapply" "disnet_simulate" 
"comp2_i_fxn" "lapply" "sapply" "disnet_foi" "FUN" "this_lapply" "disnet_simulate" 
"cat" "FUN" "this_lapply" "disnet_simulate" 
"comp2_i_fxn" "lapply" "sapply" "disnet_foi" "FUN" "this_lapply" "disnet_simulate" 
"$" "l_ji_fxn" "lapply" "sapply" "disnet_foi" "FUN" "this_lapply" "disnet_simulate" 
"cat" "FUN" "this_lapply" "disnet_simulate" 
"cat" "FUN" "this_lapply" "disnet_simulate" 
"$.data.frame" "$" "comp2_i_fxn" "lapply" "sapply" "disnet_foi" "FUN" "this_lapply" "disnet_simulate" 
"l_ji_fxn" "lapply" "sapply" "disnet_foi" "FUN" "this_lapply" "disnet_simulate" 
"comp2_i_fxn" "lapply" "sapply" "disnet_foi" "FUN" "this_lapply" "disnet_simulate" 
"cat" "FUN" "this_lapply" "disnet_simulate" 
"$" "comp2_i_fxn" "lapply" "sapply" "disnet_foi" "FUN" "this_lapply" "disnet_simulate" 
"l_ji_fxn" "lapply" "sapply" "disnet_foi" "FUN" "this_lapply" "disnet_simulate" 
"comp2_i_fxn" "lapply" "sapply" "disnet_foi" "FUN" "this_lapply" "disnet_simulate" 
"comp2_i_fxn" "lapply" "sapply" "disnet_foi" "FUN" "this_lapply" "disnet_simulate" 
"comp2_i_fxn" "lapply" "sapply" "disnet_foi" "FUN" "this_lapply" "disnet_simulate" 
"cat" "FUN" "this_lapply" "disnet_simulate" 
"l_ji_fxn" "lapply" "sapply" "disnet_foi" "FUN" "this_lapply" "disnet_simulate" 
"comp2_i_fxn" "lapply" "sapply" "disnet_foi" "FUN" "this_lapply" "disnet_simulate" 
"cat" "FUN" "this_lapply" "disnet_simulate" 
"comp2_i_fxn" "lapply" "sapply" "disnet_foi" "FUN" "this_lapply" "disnet_simulate" 
"cat" "FUN" "this_lapply" "disnet_simulate" 
"cat" "FUN" "this_lapply" "disnet_simulate" 
"<Anonymous>" "[[.data.frame" "[[" "$.data.frame" "$" "data.frame" "FUN" "this_lapply" "disnet_simulate" 
"l_ji_fxn" "lapply" "sapply" "disnet_foi" "FUN" "this_lapply" "disnet_simulate" 
"l_ji_fxn" "lapply" "sapply" "disnet_foi" "FUN" "this_lapply" "disnet_simulate" 
"[[.data.frame" "[[" "$.data.frame" "$" "comp2_i_fxn" "lapply" "sapply" "disnet_foi" "FUN" "this_lapply" "disnet_simulate" 
"<Anonymous>" "[[.data.frame" "[[" "$.data.frame" "$" "l_ji_fxn" "lapply" "sapply" "disnet_foi" "FUN" "this_lapply" "disnet_simulate" 
"comp2_i_fxn" "lapply" "sapply" "disnet_foi" "FUN" "this_lapply" "disnet_simulate" 
"cat" "FUN" "this_lapply" "disnet_simulate" 
"comp2_i_fxn" "lapply" "sapply" "disnet_foi" "FUN" "this_lapply" "disnet_simulate" 
"l_ji_fxn" "lapply" "sapply" "disnet_foi" "FUN" "this_lapply" "disnet_simulate" 
"deparse" "as.data.frame.character" "as.data.frame" "data.frame" "FUN" "this_lapply" "disnet_simulate" 
"l_ji_fxn" "lapply" "sapply" "disnet_foi" "FUN" "this_lapply" "disnet_simulate" 
"$" "l_ji_fxn" "lapply" "sapply" "disnet_foi" "FUN" "this_lapply" "disnet_simulate" 
"$.data.frame" "$" "l_ji_fxn" "lapply" "sapply" "disnet_foi" "FUN" "this_lapply" "disnet_simulate" 
"names" "%in%" "[[.data.frame" "[[" "$.data.frame" "$" "comp2_i_fxn" "lapply" "sapply" "disnet_foi" "FUN" "this_lapply" "disnet_simulate" 
"comp2_i_fxn" "lapply" "sapply" "disnet_foi" "FUN" "this_lapply" "disnet_simulate" 
"cat" "FUN" "this_lapply" "disnet_simulate" 
"[[.data.frame" "[[" "$.data.frame" "$" "comp2_i_fxn" "lapply" "sapply" "disnet_foi" "FUN" "this_lapply" "disnet_simulate" 
"structure" "as.data.frame.numeric" "as.data.frame" "data.frame" "FUN" "this_lapply" "disnet_simulate" 
"$" "comp2_i_fxn" "lapply" "sapply" "disnet_foi" "FUN" "this_lapply" "disnet_simulate" 
"<Anonymous>" "mapply" "FUN" "this_lapply" "disnet_simulate" 
"cat" "FUN" "this_lapply" "disnet_simulate" 
"comp2_i_fxn" "lapply" "sapply" "disnet_foi" "FUN" "this_lapply" "disnet_simulate" 
"cat" "FUN" "this_lapply" "disnet_simulate" 
"*" "comp2_i_fxn" "lapply" "sapply" "disnet_foi" "FUN" "this_lapply" "disnet_simulate" 
"eval.parent" ".doTrace" "l_ji_fxn" "lapply" "sapply" "disnet_foi" "FUN" "this_lapply" "disnet_simulate" 
"$.data.frame" "$" "structure" "comp2_i_fxn" "lapply" "sapply" "disnet_foi" "FUN" "this_lapply" "disnet_simulate" 
"l_ji_fxn" "lapply" "sapply" "disnet_foi" "FUN" "this_lapply" "disnet_simulate" 
"cat" "FUN" "this_lapply" "disnet_simulate" 
"comp2_i_fxn" "lapply" "sapply" "disnet_foi" "FUN" "this_lapply" "disnet_simulate" 
"cat" "FUN" "this_lapply" "disnet_simulate" 
"cat" "FUN" "this_lapply" "disnet_simulate" 
"$" "comp2_i_fxn" "lapply" "sapply" "disnet_foi" "FUN" "this_lapply" "disnet_simulate" 
"[[" "$.data.frame" "$" "l_ji_fxn" "lapply" "sapply" "disnet_foi" "FUN" "this_lapply" "disnet_simulate" 
"l_ji_fxn" "lapply" "sapply" "disnet_foi" "FUN" "this_lapply" "disnet_simulate" 
"lapply" "sapply" "disnet_foi" "FUN" "this_lapply" "disnet_simulate" 
"comp2_i_fxn" "lapply" "sapply" "disnet_foi" "FUN" "this_lapply" "disnet_simulate" 
"cat" "FUN" "this_lapply" "disnet_simulate" 
"cat" "FUN" "this_lapply" "disnet_simulate" 
"cat" "FUN" "this_lapply" "disnet_simulate" 
"comp2_i_fxn" "lapply" "sapply" "disnet_foi" "FUN" "this_lapply" "disnet_simulate" 
"<Anonymous>" "[[.data.frame" "[[" "$.data.frame" "$" "comp2_i_fxn" "lapply" "sapply" "disnet_foi" "FUN" "this_lapply" "disnet_simulate" 
"cat" "FUN" "this_lapply" "disnet_simulate" 
"$" "l_ji_fxn" "lapply" "sapply" "disnet_foi" "FUN" "this_lapply" "disnet_simulate" 
"cat" "FUN" "this_lapply" "disnet_simulate" 
"l_ji_fxn" "lapply" "sapply" "disnet_foi" "FUN" "this_lapply" "disnet_simulate" 
"cat" "FUN" "this_lapply" "disnet_simulate" 
"cat" "FUN" "this_lapply" "disnet_simulate" 
"comp2_i_fxn" "lapply" "sapply" "disnet_foi" "FUN" "this_lapply" "disnet_simulate" 
"comp2_i_fxn" "lapply" "sapply" "disnet_foi" "FUN" "this_lapply" "disnet_simulate" 
"*" "comp2_i_fxn" "lapply" "sapply" "disnet_foi" "FUN" "this_lapply" "disnet_simulate" 
"comp2_i_fxn" "lapply" "sapply" "disnet_foi" "FUN" "this_lapply" "disnet_simulate" 
"cat" "FUN" "this_lapply" "disnet_simulate" 
"[[.data.frame" "[[" "$.data.frame" "$" "comp2_i_fxn" "lapply" "sapply" "disnet_foi" "FUN" "this_lapply" "disnet_simulate" 
"eval.parent" ".doTrace" "l_ji_fxn" "lapply" "sapply" "disnet_foi" "FUN" "this_lapply" "disnet_simulate" 
"[[" "disnet_foi" "FUN" "this_lapply" "disnet_simulate" 
"l_ji_fxn" "lapply" "sapply" "disnet_foi" "FUN" "this_lapply" "disnet_simulate" 
"as.matrix.data.frame" "as.matrix" "colSums" "FUN" "this_lapply" "disnet_simulate" 
"l_ji_fxn" "lapply" "sapply" "disnet_foi" "FUN" "this_lapply" "disnet_simulate" 
"$.data.frame" "$" "comp2_i_fxn" "lapply" "sapply" "disnet_foi" "FUN" "this_lapply" "disnet_simulate" 
"cat" "FUN" "this_lapply" "disnet_simulate" 
"$" "l_ji_fxn" "lapply" "sapply" "disnet_foi" "FUN" "this_lapply" "disnet_simulate" 
"l_ji_fxn" "lapply" "sapply" "disnet_foi" "FUN" "this_lapply" "disnet_simulate" 
"cat" "FUN" "this_lapply" "disnet_simulate" 
"<Anonymous>" "[[.data.frame" "[[" "$.data.frame" "$" "l_ji_fxn" "lapply" "sapply" "disnet_foi" "FUN" "this_lapply" "disnet_simulate" 
"cat" "FUN" "this_lapply" "disnet_simulate" 
"comp2_i_fxn" "lapply" "sapply" "disnet_foi" "FUN" "this_lapply" "disnet_simulate" 
"[[" "$.data.frame" "$" "comp2_i_fxn" "lapply" "sapply" "disnet_foi" "FUN" "this_lapply" "disnet_simulate" 
"[[.data.frame" "[[" "$.data.frame" "$" "comp2_i_fxn" "lapply" "sapply" "disnet_foi" "FUN" "this_lapply" "disnet_simulate" 
"<Anonymous>" "eval" "eval" "eval.parent" ".doTrace" "comp2_i_fxn" "lapply" "sapply" "disnet_foi" "FUN" "this_lapply" "disnet_simulate" 
"[[" "$.data.frame" "$" "comp2_i_fxn" "lapply" "sapply" "disnet_foi" "FUN" "this_lapply" "disnet_simulate" 
"l_ji_fxn" "lapply" "sapply" "disnet_foi" "FUN" "this_lapply" "disnet_simulate" 
"comp2_i_fxn" "lapply" "sapply" "disnet_foi" "FUN" "this_lapply" "disnet_simulate" 
"cat" "FUN" "this_lapply" "disnet_simulate" 
"l_ji_fxn" "lapply" "sapply" "disnet_foi" "FUN" "this_lapply" "disnet_simulate" 
"array" "simplify2array" "mapply" "FUN" "this_lapply" "disnet_simulate" 
"cat" "FUN" "this_lapply" "disnet_simulate" 
"comp2_i_fxn" "lapply" "sapply" "disnet_foi" "FUN" "this_lapply" "disnet_simulate" 
"l_ji_fxn" "lapply" "sapply" "disnet_foi" "FUN" "this_lapply" "disnet_simulate" 
"%in%" "[[.data.frame" "[[" "$.data.frame" "$" "structure" "comp2_i_fxn" "lapply" "sapply" "disnet_foi" "FUN" "this_lapply" "disnet_simulate" 
"cat" "FUN" "this_lapply" "disnet_simulate" 
"comp2_i_fxn" "lapply" "sapply" "disnet_foi" "FUN" "this_lapply" "disnet_simulate" 
"%in%" "<Anonymous>" "eval" "eval" "eval.parent" ".doTrace" "l_ji_fxn" "lapply" "sapply" "disnet_foi" "FUN" "this_lapply" "disnet_simulate" 
"[[.data.frame" "[[" "$.data.frame" "$" "l_ji_fxn" "lapply" "sapply" "disnet_foi" "FUN" "this_lapply" "disnet_simulate" 
"l_ji_fxn" "lapply" "sapply" "disnet_foi" "FUN" "this_lapply" "disnet_simulate" 
"[[" "$.data.frame" "$" "l_ji_fxn" "lapply" "sapply" "disnet_foi" "FUN" "this_lapply" "disnet_simulate" 
"FUN" "this_lapply" "disnet_simulate" 
